<?xml version="1.0" encoding="UTF-8" ?>
<testsuite errors="0" failures="0" hostname="pauline-OptiPlex-3080" name="lowatem.JoueurLowatemTest" skipped="0" tests="5" time="0.142" timestamp="2021-12-14T00:07:02">
  <properties>
[...]
</properties>
  <testcase classname="lowatem.JoueurLowatemTest" name="testNbPointsDeVie" time="0.009" />
  <testcase classname="lowatem.JoueurLowatemTest" name="testAjoutDeplDepuis" time="0.021" />
  <testcase classname="lowatem.JoueurLowatemTest" name="testCalculNewPv" time="0.0" />
  <testcase classname="lowatem.JoueurLowatemTest" name="testChaineActionDepl" time="0.0" />
  <testcase classname="lowatem.JoueurLowatemTest" name="testActionsPossibles" time="0.026" />
  <system-out><![CDATA[actionsPossibles : lancement le 14/12/2021 01:07:02.333
actionsPossibles : fin
[cDDbD,14,9, cDDaD,14,9, cDDdD,14,9, cDDeD,14,9, cDDfD,14,9, cDDgD,14,9, cDDhD,14,9, cDDiD,14,9, cDDjD,14,9, cDDkD,14,9, cDDlD,14,9, cDDmD,14,9, cDDnD,14,9, cDDcE,14,9, cDDcF,14,9, cDDcG,14,9, cDDcH,14,9, cDDcI,14,9, cDDcJ,14,9, cDDcK,14,9, cDDcKAcL,14,8, cDDcM,14,9, cDDcMAcL,14,8, cDDcN,14,9, cDDcC,14,9, cDDcB,14,9, cDDcA,14,9, cDDcD,14,9, fNDeN,14,9, fNDdN,14,9, fNDcN,14,9, fNDbN,14,9, fNDbNAaN,12,6, fNDgN,14,9, fNDhN,14,9, fNDiN,14,9, fNDjN,14,9, fNDkN,14,9, fNDlN,14,9, fNDmN,14,9, fNDfM,14,9, fNDfL,14,9, fNDfK,14,9, fNDfJ,14,9, fNDfI,14,9, fNDfH,14,9, fNDfG,14,9, fNDfF,14,9, fNDfE,14,9, fNDfD,14,9, fNDfC,14,9, fNDfB,14,9, fNDfA,14,9, fNDfN,14,9, nADmA,14,9, nADlA,14,9, nADkA,14,9, nADjA,14,9, nADiA,14,9, nADhA,14,9, nADgA,14,9, nADfA,14,9, nADeA,14,9, nADdA,14,9, nADcA,14,9, nADbA,14,9, nADbAAaA,13,6, nADnB,14,9, nADnC,14,9, nADnD,14,9, nADnE,14,9, nADnF,14,9, nADnG,14,9, nADnH,14,9, nADnI,14,9, nADnJ,14,9, nADnK,14,9, nADnL,14,9, nADnM,14,9, nADnA,14,9, nNDmN,14,9, nNDlN,14,9, nNDkN,14,9, nNDjN,14,9, nNDiN,14,9, nNDhN,14,9, nNDgN,14,9, nNDeN,14,9, nNDdN,14,9, nNDcN,14,9, nNDbN,14,9, nNDbNAaN,12,5, nNDnM,14,9, nNDnL,14,9, nNDnK,14,9, nNDnJ,14,9, nNDnI,14,9, nNDnH,14,9, nNDnG,14,9, nNDnF,14,9, nNDnE,14,9, nNDnD,14,9, nNDnC,14,9, nNDnB,14,9, nNDnN,14,9]
actionsPossibles : lancement le 14/12/2021 01:07:02.354
actionsPossibles : fin
[aADbA,14,9, aADcA,14,9, aADdA,14,9, aADeA,14,9, aADfA,14,9, aADgA,14,9, aADhA,14,9, aADiA,14,9, aADjA,14,9, aADkA,14,9, aADlA,14,9, aADmA,14,9, aADmAAnA,11,8, aADaB,14,9, aADaC,14,9, aADaD,14,9, aADaE,14,9, aADaF,14,9, aADaG,14,9, aADaH,14,9, aADaI,14,9, aADaJ,14,9, aADaK,14,9, aADaL,14,9, aADaM,14,9, aADaA,14,9, aNDbN,14,9, aNDcN,14,9, aNDdN,14,9, aNDeN,14,9, aNDeNAfN,12,8, aNDgN,14,9, aNDgNAfN,12,8, aNDhN,14,9, aNDiN,14,9, aNDjN,14,9, aNDkN,14,9, aNDlN,14,9, aNDmN,14,9, aNDmNAnN,10,7, aNDaM,14,9, aNDaL,14,9, aNDaK,14,9, aNDaJ,14,9, aNDaI,14,9, aNDaH,14,9, aNDaG,14,9, aNDaF,14,9, aNDaE,14,9, aNDaD,14,9, aNDaC,14,9, aNDaB,14,9, aNDaN,14,9, cLDbL,14,9, cLDaL,14,9, cLDdL,14,9, cLDeL,14,9, cLDfL,14,9, cLDgL,14,9, cLDhL,14,9, cLDiL,14,9, cLDjL,14,9, cLDkL,14,9, cLDlL,14,9, cLDmL,14,9, cLDnL,14,9, cLDcM,14,9, cLDcN,14,9, cLDcK,14,9, cLDcJ,14,9, cLDcI,14,9, cLDcH,14,9, cLDcG,14,9, cLDcF,14,9, cLDcE,14,9, cLDcEAcD,12,8, cLDcC,14,9, cLDcCAcD,12,8, cLDcB,14,9, cLDcA,14,9, cLDcL,14,9]
]]></system-out>
  <system-err><![CDATA[]]></system-err>
</testsuite>
